Arguments: 
  C:\Program Files\nodejs\node.exe C:\Users\panus\AppData\Roaming\npm\node_modules\yarn\bin\yarn.js install express http path body-parser

PATH: 
  C:\Program Files (x86)\Intel\iCLS Client\;C:\Program Files\Intel\iCLS Client\;C:\Windows\system32;C:\Windows;C:\Windows\System32\Wbem;C:\Windows\System32\WindowsPowerShell\v1.0\;C:\Program Files (x86)\Intel\Intel(R) Management Engine Components\DAL;C:\Program Files\Intel\Intel(R) Management Engine Components\DAL;C:\Program Files (x86)\Intel\Intel(R) Management Engine Components\IPT;C:\Program Files\Intel\Intel(R) Management Engine Components\IPT;C:\Program Files (x86)\NVIDIA Corporation\PhysX\Common;C:\Program Files (x86)\Skype\Phone\;C:\WINDOWS\system32;C:\WINDOWS;C:\WINDOWS\System32\Wbem;C:\WINDOWS\System32\WindowsPowerShell\v1.0\;C:\Program Files (x86)\Microsoft SQL Server\Client SDK\ODBC\110\Tools\Binn\;C:\Program Files\Git\cmd;C:\Program Files\MongoDB\Server\3.6\bin;C:\Program Files\nodejs\;C:\Program Files\dotnet\;C:\Program Files\Microsoft SQL Server\130\Tools\Binn\;C:\Users\panus\AppData\Local\Microsoft\WindowsApps;C:\Program Files\Heroku\bin;C:\Program Files\Microsoft VS Code\bin;C:\Users\panus\AppData\Roaming\npm

Yarn version: 
  1.5.1

Node version: 
  9.11.1

Platform: 
  win32 x64

npm manifest: 
  No manifest

yarn manifest: 
  No manifest

Lockfile: 
  No lockfile

Trace: 
  Error: `install` has been replaced with `add` to add new dependencies. Run "yarn add express http path body-parser" instead.
      at new MessageError (C:\Users\panus\AppData\Roaming\npm\node_modules\yarn\lib\cli.js:186:110)
      at Object.<anonymous> (C:\Users\panus\AppData\Roaming\npm\node_modules\yarn\lib\cli.js:21987:13)
      at Generator.next (<anonymous>)
      at step (C:\Users\panus\AppData\Roaming\npm\node_modules\yarn\lib\cli.js:98:30)
      at C:\Users\panus\AppData\Roaming\npm\node_modules\yarn\lib\cli.js:109:13
      at <anonymous>
